<?xml version="1.0" encoding="UTF-8"?>
<!-- Generated by org.testng.reporters.JUnitXMLReporter -->
<testsuite ignored="0" hostname="DESKTOP-S21BNR6" failures="1" tests="2" name="Restassured" time="0.344" errors="0" timestamp="2023-12-19T17:34:44 IST">
  <testcase classname="Listner.ListnerDemo" name="test1" time="0.121">
    <failure type="java.lang.AssertionError" message="expected [true] but found [false]">
      <![CDATA[java.lang.AssertionError: expected [true] but found [false]
at Listner.ListnerDemo.test1(ListnerDemo.java:16)
at java.base/java.util.ArrayList.forEach(ArrayList.java:1511)
... Removed 31 stack frames]]>
    </failure>
  </testcase> <!-- test1 -->
  <testcase classname="Listner.ListnerDemo" name="test2" time="0.006"/>
</testsuite> <!-- Restassured -->
